<?xml version="1.0" encoding="UTF-8"?>
<testsuite xmlns:xsi="http://www.w3.org/2001/XMLSchema-instance" xsi:noNamespaceSchemaLocation="https://maven.apache.org/surefire/maven-surefire-plugin/xsd/surefire-test-report.xsd" name="com.paymentrecommendation.service.CreditCardRecommenderTest" time="0.001" tests="8" errors="0" skipped="0" failures="0">
  <properties>
[...]
</properties>
  <testcase name="testCreditCardWithNoInstruments" classname="com.paymentrecommendation.service.CreditCardRecommenderTest" time="0"/>
  <testcase name="testLineOfBusinessNotSupported" classname="com.paymentrecommendation.service.CreditCardRecommenderTest" time="0"/>
  <testcase name="testCreditCardWithUPIInstrumentButNotUPIEnabled" classname="com.paymentrecommendation.service.CreditCardRecommenderTest" time="0"/>
  <testcase name="testCreditCardWithDebitCardButLimitBreached" classname="com.paymentrecommendation.service.CreditCardRecommenderTest" time="0.001"/>
  <testcase name="testCreditCardWithUPIInstrumentButLimitBreached" classname="com.paymentrecommendation.service.CreditCardRecommenderTest" time="0"/>
  <testcase name="testCreditCardHappyScenario" classname="com.paymentrecommendation.service.CreditCardRecommenderTest" time="0"/>
  <testcase name="testCreditCardWithCreditCardInstrument" classname="com.paymentrecommendation.service.CreditCardRecommenderTest" time="0"/>
  <testcase name="testCreditCardWithNetBankingButLimitBreached" classname="com.paymentrecommendation.service.CreditCardRecommenderTest" time="0"/>
</testsuite>